<?xml version="1.0" encoding="UTF-8"?>
<testsuite xmlns:xsi="http://www.w3.org/2001/XMLSchema-instance" xsi:noNamespaceSchemaLocation="https://maven.apache.org/surefire/maven-surefire-plugin/xsd/surefire-test-report-3.0.xsd" version="3.0" name="TestSuite" time="27.284" tests="17" errors="0" skipped="0" failures="1">
  <properties>
[...]
</properties>
  <testcase name="checkHeader" classname="com.employeeapi.tests.TC001_Get_All_Employees" time="0.009"/>
  <testcase name="checkResponseBody" classname="com.employeeapi.tests.TC001_Get_All_Employees" time="0.873"/>
  <testcase name="checkStatusCode" classname="com.employeeapi.tests.TC001_Get_All_Employees" time="0"/>
  <testcase name="checkStatusLine" classname="com.employeeapi.tests.TC001_Get_All_Employees" time="0"/>
  <testcase name="checkHeader" classname="com.employeeapi.tests.TC002_Get_Single_Employee_Record" time="0.006"/>
  <testcase name="checkResponseBody" classname="com.employeeapi.tests.TC002_Get_Single_Employee_Record" time="0"/>
  <testcase name="checkStatusCode" classname="com.employeeapi.tests.TC002_Get_Single_Employee_Record" time="0"/>
  <testcase name="checkStatusLine" classname="com.employeeapi.tests.TC002_Get_Single_Employee_Record" time="0"/>
  <testcase name="checkHeader" classname="com.employeeapi.tests.TC003_Post_Employee_Record" time="0.005"/>
  <testcase name="checkResponseBody" classname="com.employeeapi.tests.TC003_Post_Employee_Record" time="0.001"/>
  <testcase name="checkStatusCode" classname="com.employeeapi.tests.TC003_Post_Employee_Record" time="0"/>
  <testcase name="checkStatusLine" classname="com.employeeapi.tests.TC003_Post_Employee_Record" time="0.001"/>
  <testcase name="checkHeader" classname="com.employeeapi.tests.TC004_Put_Employee_Record" time="0.005"/>
  <testcase name="checkResponseBody" classname="com.employeeapi.tests.TC004_Put_Employee_Record" time="0.001"/>
  <testcase name="checkStatusCode" classname="com.employeeapi.tests.TC004_Put_Employee_Record" time="0"/>
  <testcase name="checkStatusLine" classname="com.employeeapi.tests.TC004_Put_Employee_Record" time="0"/>
  <testcase name="checkResponseBody" classname="com.employeeapi.tests.TC005_Delete_Employee_Record" time="0.005">
    <failure message="expected [true] but found [false]" type="java.lang.AssertionError">java.lang.AssertionError: expected [true] but found [false]
	at com.employeeapi.tests.TC005_Delete_Employee_Record.checkResponseBody(TC005_Delete_Employee_Record.java:35)
</failure>
    <system-out><![CDATA[Response Body is : {"success":{"text":"successfully! deleted Records"}}
]]></system-out>
  </testcase>
</testsuite>